<?xml version="1.0" encoding="UTF-8"?>
<testsuite xmlns:xsi="http://www.w3.org/2001/XMLSchema-instance" xsi:noNamespaceSchemaLocation="https://maven.apache.org/surefire/maven-surefire-plugin/xsd/surefire-test-report.xsd" name="nz.ac.auckland.se281.a4.StudentsTestsForMarking" time="6.563" tests="9" errors="0" skipped="0" failures="0">
  <properties>
[...]
</properties>
  <testcase name="T3_45_A" classname="nz.ac.auckland.se281.a4.StudentsTestsForMarking$Task3BFSTest" time="0.063"/>
  <testcase name="T3_47_C" classname="nz.ac.auckland.se281.a4.StudentsTestsForMarking$Task3BFSTest" time="0.085"/>
  <testcase name="T3_50_F" classname="nz.ac.auckland.se281.a4.StudentsTestsForMarking$Task3BFSTest" time="0.045"/>
  <testcase name="T3_52_A" classname="nz.ac.auckland.se281.a4.StudentsTestsForMarking$Task3DFSTest" time="0.333"/>
  <testcase name="T3_54_C" classname="nz.ac.auckland.se281.a4.StudentsTestsForMarking$Task3DFSTest" time="0.199"/>
  <testcase name="T3_57_F" classname="nz.ac.auckland.se281.a4.StudentsTestsForMarking$Task3DFSTest" time="0.04"/>
  <testcase name="T3_01_A" classname="nz.ac.auckland.se281.a4.StudentsTestsForMarking$Task4SearchTweetTest" time="0.649"/>
  <testcase name="T3_03_C" classname="nz.ac.auckland.se281.a4.StudentsTestsForMarking$Task4SearchTweetTest" time="0.589"/>
  <testcase name="T3_06_F" classname="nz.ac.auckland.se281.a4.StudentsTestsForMarking$Task4SearchTweetTest" time="1.032"/>
</testsuite>